<?xml version="1.0" encoding="UTF-8"?>
<!-- Generated by org.testng.reporters.JUnitReportReporter -->
<testsuite skipped="0" hostname="DESKTOP-ACILHS4" name="co.setu.api.automation.CreateJiraTicket" tests="7" failures="0" timestamp="17 Aug 2020 12:55:47 GMT" time="13.666" errors="0">
  <testcase name="createATicket" time="2.284" classname="co.setu.api.automation.CreateJiraTicket"/>
  <testcase name="createATicket" time="2.082" classname="co.setu.api.automation.CreateJiraTicket"/>
  <testcase name="createATicket" time="2.203" classname="co.setu.api.automation.CreateJiraTicket"/>
  <testcase name="createATicket" time="0.000" classname="co.setu.api.automation.CreateJiraTicket"/>
  <testcase name="createATicket" time="0.003" classname="co.setu.api.automation.CreateJiraTicket"/>
  <testcase name="createATicket" time="2.432" classname="co.setu.api.automation.CreateJiraTicket"/>
  <testcase name="createATicket" time="4.662" classname="co.setu.api.automation.CreateJiraTicket"/>
</testsuite> <!-- co.setu.api.automation.CreateJiraTicket -->
