<?xml version="1.0" encoding="UTF-8"?>
<!-- Generated by org.testng.reporters.JUnitReportReporter -->
<testsuite skipped="0" hostname="DESKTOP-ACILHS4" name="co.setu.api.automation.GetCorporateListTest" tests="5" failures="0" timestamp="16 Aug 2020 10:55:35 GMT" time="5.623" errors="0">
  <testcase name="corporateListAPITest" time="4.426" classname="co.setu.api.automation.GetCorporateListTest"/>
  <testcase name="corporateListAPITest" time="0.339" classname="co.setu.api.automation.GetCorporateListTest"/>
  <testcase name="corporateListAPITest" time="0.372" classname="co.setu.api.automation.GetCorporateListTest"/>
  <testcase name="corporateListAPITest" time="0.224" classname="co.setu.api.automation.GetCorporateListTest"/>
  <testcase name="corporateListAPITest" time="0.262" classname="co.setu.api.automation.GetCorporateListTest"/>
</testsuite> <!-- co.setu.api.automation.GetCorporateListTest -->
