<?xml version="1.0" encoding="UTF-8"?>
<!-- Generated by org.testng.reporters.JUnitReportReporter -->
<testsuite skipped="0" hostname="DESKTOP-ACILHS4" name="co.setu.api.automation.GetCorporateListTest" tests="2" failures="0" timestamp="15 Aug 2020 08:07:19 GMT" time="6.420" errors="0">
  <testcase name="corporateListAPITest2" time="4.630" classname="co.setu.api.automation.GetCorporateListTest"/>
  <testcase name="corporateListAPITest2" time="1.790" classname="co.setu.api.automation.GetCorporateListTest"/>
</testsuite> <!-- co.setu.api.automation.GetCorporateListTest -->
